{"contracts/DonationRegistry.sol":{"l":{"17":4,"18":3,"22":14,"29":15,"30":14,"31":14,"39":7,"46":3,"47":3,"48":2,"49":2,"54":4,"55":3,"56":3},"path":"/Users/francescofaiella/Desktop/Tirocinio/contracts/DonationRegistry.sol","s":{"1":4,"2":15,"3":14,"4":7,"5":3,"6":3,"7":2,"8":2},"b":{"1":[3,1],"2":[14,1],"3":[3,1],"4":[2,1],"5":[3,1]},"f":{"1":4,"2":14,"3":15,"4":7,"5":3},"fnMap":{"1":{"name":"onlyOwner","line":16,"loc":{"start":{"line":16,"column":4},"end":{"line":19,"column":4}}},"2":{"name":"constructor","line":21,"loc":{"start":{"line":21,"column":4},"end":{"line":23,"column":4}}},"3":{"name":"donate","line":28,"loc":{"start":{"line":28,"column":4},"end":{"line":32,"column":4}}},"4":{"name":"getDonationTotal","line":38,"loc":{"start":{"line":38,"column":4},"end":{"line":40,"column":4}}},"5":{"name":"withdraw","line":45,"loc":{"start":{"line":45,"column":4},"end":{"line":50,"column":4}}}},"statementMap":{"1":{"start":{"line":17,"column":8},"end":{"line":17,"column":63}},"2":{"start":{"line":29,"column":8},"end":{"line":29,"column":64}},"3":{"start":{"line":31,"column":8},"end":{"line":31,"column":52}},"4":{"start":{"line":39,"column":8},"end":{"line":39,"column":31}},"5":{"start":{"line":46,"column":8},"end":{"line":46,"column":47}},"6":{"start":{"line":47,"column":8},"end":{"line":47,"column":51}},"7":{"start":{"line":48,"column":8},"end":{"line":48,"column":39}},"8":{"start":{"line":49,"column":8},"end":{"line":49,"column":43}}},"branchMap":{"1":{"line":17,"type":"if","locations":[{"start":{"line":17,"column":8},"end":{"line":17,"column":8}},{"start":{"line":17,"column":8},"end":{"line":17,"column":8}}]},"2":{"line":29,"type":"if","locations":[{"start":{"line":29,"column":8},"end":{"line":29,"column":8}},{"start":{"line":29,"column":8},"end":{"line":29,"column":8}}]},"3":{"line":45,"type":"if","locations":[{"start":{"line":45,"column":33},"end":{"line":45,"column":33}},{"start":{"line":45,"column":33},"end":{"line":45,"column":33}}]},"4":{"line":47,"type":"if","locations":[{"start":{"line":47,"column":8},"end":{"line":47,"column":8}},{"start":{"line":47,"column":8},"end":{"line":47,"column":8}}]},"5":{"line":54,"type":"if","locations":[{"start":{"line":54,"column":8},"end":{"line":54,"column":8}},{"start":{"line":54,"column":8},"end":{"line":54,"column":8}}]}}},"contracts/EscrowService.sol":{"l":{"19":18,"20":14,"24":5,"25":4,"29":13,"30":13,"34":9,"35":8,"36":7,"37":7,"38":7,"42":4,"43":3,"44":3,"45":3,"49":8,"50":5,"51":2},"path":"/Users/francescofaiella/Desktop/Tirocinio/contracts/EscrowService.sol","s":{"1":18,"2":5,"3":9,"4":8,"5":7,"6":4,"7":3,"8":3,"9":8,"10":3,"11":5,"12":3,"13":2},"b":{"1":[14,4],"2":[4,1],"3":[9,2],"4":[8,1],"5":[7,1],"6":[5,2],"7":[4,1],"8":[3,1],"9":[3,5],"10":[3,2]},"f":{"1":18,"2":5,"3":13,"4":9,"5":4,"6":8},"fnMap":{"1":{"name":"onlyBuyer","line":18,"loc":{"start":{"line":18,"column":4},"end":{"line":21,"column":4}}},"2":{"name":"onlyIfFunded","line":23,"loc":{"start":{"line":23,"column":4},"end":{"line":26,"column":4}}},"3":{"name":"constructor","line":28,"loc":{"start":{"line":28,"column":4},"end":{"line":31,"column":4}}},"4":{"name":"fund","line":33,"loc":{"start":{"line":33,"column":4},"end":{"line":39,"column":4}}},"5":{"name":"release","line":41,"loc":{"start":{"line":41,"column":4},"end":{"line":46,"column":4}}},"6":{"name":"getStatus","line":48,"loc":{"start":{"line":48,"column":4},"end":{"line":52,"column":4}}}},"statementMap":{"1":{"start":{"line":19,"column":8},"end":{"line":19,"column":63}},"2":{"start":{"line":24,"column":8},"end":{"line":24,"column":40}},"3":{"start":{"line":34,"column":8},"end":{"line":34,"column":41}},"4":{"start":{"line":35,"column":8},"end":{"line":35,"column":65}},"5":{"start":{"line":38,"column":8},"end":{"line":38,"column":37}},"6":{"start":{"line":42,"column":8},"end":{"line":42,"column":45}},"7":{"start":{"line":44,"column":8},"end":{"line":44,"column":39}},"8":{"start":{"line":45,"column":8},"end":{"line":45,"column":37}},"9":{"start":{"line":49,"column":8},"end":{"line":49,"column":46}},"10":{"start":{"line":49,"column":21},"end":{"line":49,"column":46}},"11":{"start":{"line":50,"column":8},"end":{"line":50,"column":56}},"12":{"start":{"line":50,"column":23},"end":{"line":50,"column":56}},"13":{"start":{"line":51,"column":8},"end":{"line":51,"column":25}}},"branchMap":{"1":{"line":19,"type":"if","locations":[{"start":{"line":19,"column":8},"end":{"line":19,"column":8}},{"start":{"line":19,"column":8},"end":{"line":19,"column":8}}]},"2":{"line":24,"type":"if","locations":[{"start":{"line":24,"column":8},"end":{"line":24,"column":8}},{"start":{"line":24,"column":8},"end":{"line":24,"column":8}}]},"3":{"line":33,"type":"if","locations":[{"start":{"line":33,"column":37},"end":{"line":33,"column":37}},{"start":{"line":33,"column":37},"end":{"line":33,"column":37}}]},"4":{"line":34,"type":"if","locations":[{"start":{"line":34,"column":8},"end":{"line":34,"column":8}},{"start":{"line":34,"column":8},"end":{"line":34,"column":8}}]},"5":{"line":35,"type":"if","locations":[{"start":{"line":35,"column":8},"end":{"line":35,"column":8}},{"start":{"line":35,"column":8},"end":{"line":35,"column":8}}]},"6":{"line":41,"type":"if","locations":[{"start":{"line":41,"column":32},"end":{"line":41,"column":32}},{"start":{"line":41,"column":32},"end":{"line":41,"column":32}}]},"7":{"line":41,"type":"if","locations":[{"start":{"line":41,"column":42},"end":{"line":41,"column":42}},{"start":{"line":41,"column":42},"end":{"line":41,"column":42}}]},"8":{"line":42,"type":"if","locations":[{"start":{"line":42,"column":8},"end":{"line":42,"column":8}},{"start":{"line":42,"column":8},"end":{"line":42,"column":8}}]},"9":{"line":49,"type":"if","locations":[{"start":{"line":49,"column":8},"end":{"line":49,"column":8}},{"start":{"line":49,"column":8},"end":{"line":49,"column":8}}]},"10":{"line":50,"type":"if","locations":[{"start":{"line":50,"column":8},"end":{"line":50,"column":8}},{"start":{"line":50,"column":8},"end":{"line":50,"column":8}}]}}},"contracts/MockERC20.sol":{"l":{"14":14,"15":14,"19":0,"23":5,"27":33,"28":33,"29":33,"30":33,"34":0,"38":14,"39":14,"43":15,"44":14,"46":13,"47":13,"48":13,"49":13,"53":0,"54":0},"path":"/Users/francescofaiella/Desktop/Tirocinio/contracts/MockERC20.sol","s":{"1":0,"2":5,"3":33,"4":33,"5":0,"6":14,"7":15,"8":14,"9":13},"b":{"1":[33,0],"2":[14,1],"3":[13,1]},"f":{"1":14,"2":0,"3":5,"4":33,"5":0,"6":14,"7":15,"8":0},"fnMap":{"1":{"name":"constructor","line":13,"loc":{"start":{"line":13,"column":4},"end":{"line":16,"column":4}}},"2":{"name":"totalSupply","line":18,"loc":{"start":{"line":18,"column":4},"end":{"line":20,"column":4}}},"3":{"name":"balanceOf","line":22,"loc":{"start":{"line":22,"column":4},"end":{"line":24,"column":4}}},"4":{"name":"transfer","line":26,"loc":{"start":{"line":26,"column":4},"end":{"line":31,"column":4}}},"5":{"name":"allowance","line":33,"loc":{"start":{"line":33,"column":4},"end":{"line":35,"column":4}}},"6":{"name":"approve","line":37,"loc":{"start":{"line":37,"column":4},"end":{"line":40,"column":4}}},"7":{"name":"transferFrom","line":42,"loc":{"start":{"line":42,"column":4},"end":{"line":50,"column":4}}},"8":{"name":"mint","line":52,"loc":{"start":{"line":52,"column":4},"end":{"line":55,"column":4}}}},"statementMap":{"1":{"start":{"line":19,"column":8},"end":{"line":19,"column":27}},"2":{"start":{"line":23,"column":8},"end":{"line":23,"column":33}},"3":{"start":{"line":27,"column":8},"end":{"line":27,"column":71}},"4":{"start":{"line":30,"column":8},"end":{"line":30,"column":19}},"5":{"start":{"line":34,"column":8},"end":{"line":34,"column":43}},"6":{"start":{"line":39,"column":8},"end":{"line":39,"column":19}},"7":{"start":{"line":43,"column":8},"end":{"line":43,"column":81}},"8":{"start":{"line":44,"column":8},"end":{"line":44,"column":65}},"9":{"start":{"line":49,"column":8},"end":{"line":49,"column":19}}},"branchMap":{"1":{"line":27,"type":"if","locations":[{"start":{"line":27,"column":8},"end":{"line":27,"column":8}},{"start":{"line":27,"column":8},"end":{"line":27,"column":8}}]},"2":{"line":43,"type":"if","locations":[{"start":{"line":43,"column":8},"end":{"line":43,"column":8}},{"start":{"line":43,"column":8},"end":{"line":43,"column":8}}]},"3":{"line":44,"type":"if","locations":[{"start":{"line":44,"column":8},"end":{"line":44,"column":8}},{"start":{"line":44,"column":8},"end":{"line":44,"column":8}}]}}},"contracts/SimpleBallot.sol":{"l":{"57":29,"58":28,"64":13,"65":12,"66":12,"67":36,"75":28,"76":28,"77":27,"78":27,"86":16,"87":16,"88":15,"89":14,"91":12,"92":12,"93":12,"94":12,"96":12,"104":4,"105":4,"107":4,"108":12,"109":4,"110":4,"113":4},"path":"/Users/francescofaiella/Desktop/Tirocinio/contracts/SimpleBallot.sol","s":{"1":29,"2":13,"3":12,"4":36,"5":28,"6":28,"7":27,"8":16,"9":16,"10":15,"11":14,"12":12,"13":4,"14":4,"15":4,"16":12,"17":4},"b":{"1":[1,28],"2":[1,12],"3":[28,1],"4":[27,1],"5":[1,15],"6":[1,14],"7":[2,12],"8":[4,8]},"f":{"1":29,"2":13,"3":28,"4":16,"5":4},"fnMap":{"1":{"name":"onlyChairperson","line":56,"loc":{"start":{"line":56,"column":4},"end":{"line":59,"column":4}}},"2":{"name":"constructor","line":63,"loc":{"start":{"line":63,"column":4},"end":{"line":69,"column":4}}},"3":{"name":"registerVoter","line":74,"loc":{"start":{"line":74,"column":4},"end":{"line":81,"column":4}}},"4":{"name":"vote","line":85,"loc":{"start":{"line":85,"column":4},"end":{"line":97,"column":4}}},"5":{"name":"winner","line":103,"loc":{"start":{"line":103,"column":4},"end":{"line":114,"column":4}}}},"statementMap":{"1":{"start":{"line":57,"column":8},"end":{"line":57,"column":62}},"2":{"start":{"line":64,"column":8},"end":{"line":64,"column":59}},"3":{"start":{"line":66,"column":8},"end":{"line":66,"column":2534}},"4":{"start":{"line":67,"column":12},"end":{"line":67,"column":75}},"5":{"start":{"line":75,"column":8},"end":{"line":75,"column":39}},"6":{"start":{"line":76,"column":8},"end":{"line":76,"column":2986}},"7":{"start":{"line":78,"column":12},"end":{"line":78,"column":39}},"8":{"start":{"line":86,"column":8},"end":{"line":86,"column":49}},"9":{"start":{"line":87,"column":8},"end":{"line":87,"column":54}},"10":{"start":{"line":88,"column":8},"end":{"line":88,"column":47}},"11":{"start":{"line":89,"column":8},"end":{"line":89,"column":71}},"12":{"start":{"line":96,"column":8},"end":{"line":96,"column":48}},"13":{"start":{"line":104,"column":8},"end":{"line":104,"column":36}},"14":{"start":{"line":105,"column":8},"end":{"line":105,"column":32}},"15":{"start":{"line":107,"column":8},"end":{"line":107,"column":4229}},"16":{"start":{"line":108,"column":12},"end":{"line":108,"column":4294}},"17":{"start":{"line":113,"column":8},"end":{"line":113,"column":77}}},"branchMap":{"1":{"line":57,"type":"if","locations":[{"start":{"line":57,"column":8},"end":{"line":57,"column":8}},{"start":{"line":57,"column":8},"end":{"line":57,"column":8}}]},"2":{"line":64,"type":"if","locations":[{"start":{"line":64,"column":8},"end":{"line":64,"column":8}},{"start":{"line":64,"column":8},"end":{"line":64,"column":8}}]},"3":{"line":74,"type":"if","locations":[{"start":{"line":74,"column":51},"end":{"line":74,"column":51}},{"start":{"line":74,"column":51},"end":{"line":74,"column":51}}]},"4":{"line":76,"type":"if","locations":[{"start":{"line":76,"column":8},"end":{"line":76,"column":8}},{"start":{"line":76,"column":8},"end":{"line":76,"column":8}}]},"5":{"line":87,"type":"if","locations":[{"start":{"line":87,"column":8},"end":{"line":87,"column":8}},{"start":{"line":87,"column":8},"end":{"line":87,"column":8}}]},"6":{"line":88,"type":"if","locations":[{"start":{"line":88,"column":8},"end":{"line":88,"column":8}},{"start":{"line":88,"column":8},"end":{"line":88,"column":8}}]},"7":{"line":89,"type":"if","locations":[{"start":{"line":89,"column":8},"end":{"line":89,"column":8}},{"start":{"line":89,"column":8},"end":{"line":89,"column":8}}]},"8":{"line":108,"type":"if","locations":[{"start":{"line":108,"column":12},"end":{"line":108,"column":12}},{"start":{"line":108,"column":12},"end":{"line":108,"column":12}}]}}},"contracts/SubscriptionManager.sol":{"l":{"19":4,"20":2,"24":13,"25":13,"26":13,"30":13,"32":12,"36":12,"38":12,"42":1,"43":1,"44":1,"48":6,"52":4,"56":1,"60":1},"path":"/Users/francescofaiella/Desktop/Tirocinio/contracts/SubscriptionManager.sol","s":{"1":4,"2":13,"3":12,"4":12,"5":1,"6":6,"7":4,"8":1},"b":{"1":[2,2],"2":[12,1],"3":[11,1],"4":[1,1],"5":[1,1]},"f":{"1":4,"2":13,"3":13,"4":1,"5":6,"6":4,"7":1},"fnMap":{"1":{"name":"onlyOwner","line":18,"loc":{"start":{"line":18,"column":4},"end":{"line":21,"column":4}}},"2":{"name":"constructor","line":23,"loc":{"start":{"line":23,"column":4},"end":{"line":27,"column":4}}},"3":{"name":"subscribe","line":29,"loc":{"start":{"line":29,"column":4},"end":{"line":39,"column":4}}},"4":{"name":"updateParameters","line":41,"loc":{"start":{"line":41,"column":4},"end":{"line":45,"column":4}}},"5":{"name":"isSubscribed","line":47,"loc":{"start":{"line":47,"column":4},"end":{"line":49,"column":4}}},"6":{"name":"getExpiry","line":51,"loc":{"start":{"line":51,"column":4},"end":{"line":53,"column":4}}},"7":{"name":"withdraw","line":55,"loc":{"start":{"line":55,"column":4},"end":{"line":57,"column":4}}}},"statementMap":{"1":{"start":{"line":19,"column":8},"end":{"line":19,"column":63}},"2":{"start":{"line":30,"column":8},"end":{"line":30,"column":74}},"3":{"start":{"line":32,"column":8},"end":{"line":32,"column":1033}},"4":{"start":{"line":38,"column":8},"end":{"line":38,"column":46}},"5":{"start":{"line":44,"column":8},"end":{"line":44,"column":49}},"6":{"start":{"line":48,"column":8},"end":{"line":48,"column":53}},"7":{"start":{"line":52,"column":8},"end":{"line":52,"column":34}},"8":{"start":{"line":56,"column":8},"end":{"line":56,"column":53}}},"branchMap":{"1":{"line":19,"type":"if","locations":[{"start":{"line":19,"column":8},"end":{"line":19,"column":8}},{"start":{"line":19,"column":8},"end":{"line":19,"column":8}}]},"2":{"line":30,"type":"if","locations":[{"start":{"line":30,"column":8},"end":{"line":30,"column":8}},{"start":{"line":30,"column":8},"end":{"line":30,"column":8}}]},"3":{"line":33,"type":"if","locations":[{"start":{"line":33,"column":14},"end":{"line":33,"column":51}},{"start":{"line":34,"column":14},"end":{"line":34,"column":61}}]},"4":{"line":41,"type":"if","locations":[{"start":{"line":41,"column":74},"end":{"line":41,"column":74}},{"start":{"line":41,"column":74},"end":{"line":41,"column":74}}]},"5":{"line":55,"type":"if","locations":[{"start":{"line":55,"column":33},"end":{"line":55,"column":33}},{"start":{"line":55,"column":33},"end":{"line":55,"column":33}}]}}},"contracts/TokenVault.sol":{"l":{"23":0,"24":0,"28":14,"29":14,"33":16,"34":15,"35":13,"36":13,"40":7,"41":5,"42":5,"43":5,"47":12},"path":"/Users/francescofaiella/Desktop/Tirocinio/contracts/TokenVault.sol","s":{"1":0,"2":16,"3":15,"4":13,"5":7,"6":5,"7":5,"8":12},"b":{"1":[0,0],"2":[15,1],"3":[13,2],"4":[5,2],"5":[5,0]},"f":{"1":0,"2":14,"3":16,"4":7,"5":12},"fnMap":{"1":{"name":"onlyOwner","line":22,"loc":{"start":{"line":22,"column":4},"end":{"line":25,"column":4}}},"2":{"name":"constructor","line":27,"loc":{"start":{"line":27,"column":4},"end":{"line":30,"column":4}}},"3":{"name":"deposit","line":32,"loc":{"start":{"line":32,"column":4},"end":{"line":37,"column":4}}},"4":{"name":"withdraw","line":39,"loc":{"start":{"line":39,"column":4},"end":{"line":44,"column":4}}},"5":{"name":"balanceOf","line":46,"loc":{"start":{"line":46,"column":4},"end":{"line":48,"column":4}}}},"statementMap":{"1":{"start":{"line":23,"column":8},"end":{"line":23,"column":63}},"2":{"start":{"line":33,"column":8},"end":{"line":33,"column":53}},"3":{"start":{"line":34,"column":8},"end":{"line":34,"column":88}},"4":{"start":{"line":36,"column":8},"end":{"line":36,"column":42}},"5":{"start":{"line":40,"column":8},"end":{"line":40,"column":70}},"6":{"start":{"line":42,"column":8},"end":{"line":42,"column":69}},"7":{"start":{"line":43,"column":8},"end":{"line":43,"column":42}},"8":{"start":{"line":47,"column":8},"end":{"line":47,"column":29}}},"branchMap":{"1":{"line":23,"type":"if","locations":[{"start":{"line":23,"column":8},"end":{"line":23,"column":8}},{"start":{"line":23,"column":8},"end":{"line":23,"column":8}}]},"2":{"line":33,"type":"if","locations":[{"start":{"line":33,"column":8},"end":{"line":33,"column":8}},{"start":{"line":33,"column":8},"end":{"line":33,"column":8}}]},"3":{"line":34,"type":"if","locations":[{"start":{"line":34,"column":8},"end":{"line":34,"column":8}},{"start":{"line":34,"column":8},"end":{"line":34,"column":8}}]},"4":{"line":40,"type":"if","locations":[{"start":{"line":40,"column":8},"end":{"line":40,"column":8}},{"start":{"line":40,"column":8},"end":{"line":40,"column":8}}]},"5":{"line":42,"type":"if","locations":[{"start":{"line":42,"column":8},"end":{"line":42,"column":8}},{"start":{"line":42,"column":8},"end":{"line":42,"column":8}}]}}},"contracts/VotingSystem.sol":{"l":{"28":22,"30":21,"31":21,"32":21,"33":21,"35":21,"43":16,"44":16,"45":13,"47":12,"48":12,"50":12,"58":13,"59":13},"path":"/Users/francescofaiella/Desktop/Tirocinio/contracts/VotingSystem.sol","s":{"1":22,"2":21,"3":21,"4":16,"5":16,"6":13,"7":12,"8":13,"9":13},"b":{"1":[21,1],"2":[13,3],"3":[12,1]},"f":{"1":22,"2":16,"3":13},"fnMap":{"1":{"name":"createProposal","line":27,"loc":{"start":{"line":27,"column":4},"end":{"line":36,"column":4}}},"2":{"name":"vote","line":42,"loc":{"start":{"line":42,"column":4},"end":{"line":51,"column":4}}},"3":{"name":"getProposal","line":57,"loc":{"start":{"line":57,"column":4},"end":{"line":65,"column":4}}}},"statementMap":{"1":{"start":{"line":28,"column":8},"end":{"line":28,"column":53}},"2":{"start":{"line":31,"column":8},"end":{"line":31,"column":53}},"3":{"start":{"line":35,"column":8},"end":{"line":35,"column":68}},"4":{"start":{"line":43,"column":8},"end":{"line":43,"column":51}},"5":{"start":{"line":44,"column":8},"end":{"line":44,"column":64}},"6":{"start":{"line":45,"column":8},"end":{"line":45,"column":56}},"7":{"start":{"line":50,"column":8},"end":{"line":50,"column":43}},"8":{"start":{"line":58,"column":8},"end":{"line":58,"column":51}},"9":{"start":{"line":59,"column":8},"end":{"line":59,"column":1936}}},"branchMap":{"1":{"line":28,"type":"if","locations":[{"start":{"line":28,"column":8},"end":{"line":28,"column":8}},{"start":{"line":28,"column":8},"end":{"line":28,"column":8}}]},"2":{"line":44,"type":"if","locations":[{"start":{"line":44,"column":8},"end":{"line":44,"column":8}},{"start":{"line":44,"column":8},"end":{"line":44,"column":8}}]},"3":{"line":45,"type":"if","locations":[{"start":{"line":45,"column":8},"end":{"line":45,"column":8}},{"start":{"line":45,"column":8},"end":{"line":45,"column":8}}]}}}}