{
"contracts/DonationRegistry.sol":{"l":{"17":4,"18":3,"22":14,"29":15,"30":14,"31":14,"39":7,"46":3,"47":3,"48":2,"49":2,"54":4,"55":3,"56":3},"path":"/Users/francescofaiella/Desktop/Tirocinio/contracts/DonationRegistry.sol","s":{"1":4,"2":15,"3":14,"4":7,"5":3,"6":3,"7":2,"8":2},"b":{"1":[3,1],"2":[14,1],"3":[3,1],"4":[2,1],"5":[3,1]},"f":{"1":4,"2":14,"3":15,"4":7,"5":3},"fnMap":{"1":{"name":"onlyOwner","line":16,"loc":{"start":{"line":16,"column":4},"end":{"line":19,"column":4}}},"2":{"name":"constructor","line":21,"loc":{"start":{"line":21,"column":4},"end":{"line":23,"column":4}}},"3":{"name":"donate","line":28,"loc":{"start":{"line":28,"column":4},"end":{"line":32,"column":4}}},"4":{"name":"getDonationTotal","line":38,"loc":{"start":{"line":38,"column":4},"end":{"line":40,"column":4}}},"5":{"name":"withdraw","line":45,"loc":{"start":{"line":45,"column":4},"end":{"line":50,"column":4}}}},"statementMap":{"1":{"start":{"line":17,"column":8},"end":{"line":17,"column":63}},"2":{"start":{"line":29,"column":8},"end":{"line":29,"column":64}},"3":{"start":{"line":31,"column":8},"end":{"line":31,"column":52}},"4":{"start":{"line":39,"column":8},"end":{"line":39,"column":31}},"5":{"start":{"line":46,"column":8},"end":{"line":46,"column":47}},"6":{"start":{"line":47,"column":8},"end":{"line":47,"column":51}},"7":{"start":{"line":48,"column":8},"end":{"line":48,"column":39}},"8":{"start":{"line":49,"column":8},"end":{"line":49,"column":43}}},"branchMap":{"1":{"line":17,"type":"if","locations":[{"start":{"line":17,"column":8},"end":{"line":17,"column":8}},{"start":{"line":17,"column":8},"end":{"line":17,"column":8}}]},"2":{"line":29,"type":"if","locations":[{"start":{"line":29,"column":8},"end":{"line":29,"column":8}},{"start":{"line":29,"column":8},"end":{"line":29,"column":8}}]},"3":{"line":45,"type":"if","locations":[{"start":{"line":45,"column":33},"end":{"line":45,"column":33}},{"start":{"line":45,"column":33},"end":{"line":45,"column":33}}]},"4":{"line":47,"type":"if","locations":[{"start":{"line":47,"column":8},"end":{"line":47,"column":8}},{"start":{"line":47,"column":8},"end":{"line":47,"column":8}}]},"5":{"line":54,"type":"if","locations":[{"start":{"line":54,"column":8},"end":{"line":54,"column":8}},{"start":{"line":54,"column":8},"end":{"line":54,"column":8}}]}}},
"contracts/EscrowService.sol":{"l":{"19":18,"20":14,"24":5,"25":4,"29":13,"30":13,"34":9,"35":8,"36":7,"37":7,"38":7,"42":4,"43":3,"44":3,"45":3,"49":8,"50":5,"51":2},"path":"/Users/francescofaiella/Desktop/Tirocinio/contracts/EscrowService.sol","s":{"1":18,"2":5,"3":9,"4":8,"5":7,"6":4,"7":3,"8":3,"9":8,"10":3,"11":5,"12":3,"13":2},"b":{"1":[14,4],"2":[4,1],"3":[9,2],"4":[8,1],"5":[7,1],"6":[5,2],"7":[4,1],"8":[3,1],"9":[3,5],"10":[3,2]},"f":{"1":18,"2":5,"3":13,"4":9,"5":4,"6":8},"fnMap":{"1":{"name":"onlyBuyer","line":18,"loc":{"start":{"line":18,"column":4},"end":{"line":21,"column":4}}},"2":{"name":"onlyIfFunded","line":23,"loc":{"start":{"line":23,"column":4},"end":{"line":26,"column":4}}},"3":{"name":"constructor","line":28,"loc":{"start":{"line":28,"column":4},"end":{"line":31,"column":4}}},"4":{"name":"fund","line":33,"loc":{"start":{"line":33,"column":4},"end":{"line":39,"column":4}}},"5":{"name":"release","line":41,"loc":{"start":{"line":41,"column":4},"end":{"line":46,"column":4}}},"6":{"name":"getStatus","line":48,"loc":{"start":{"line":48,"column":4},"end":{"line":52,"column":4}}}},"statementMap":{"1":{"start":{"line":19,"column":8},"end":{"line":19,"column":63}},"2":{"start":{"line":24,"column":8},"end":{"line":24,"column":40}},"3":{"start":{"line":34,"column":8},"end":{"line":34,"column":41}},"4":{"start":{"line":35,"column":8},"end":{"line":35,"column":65}},"5":{"start":{"line":38,"column":8},"end":{"line":38,"column":37}},"6":{"start":{"line":42,"column":8},"end":{"line":42,"column":45}},"7":{"start":{"line":44,"column":8},"end":{"line":44,"column":39}},"8":{"start":{"line":45,"column":8},"end":{"line":45,"column":37}},"9":{"start":{"line":49,"column":8},"end":{"line":49,"column":46}},"10":{"start":{"line":49,"column":21},"end":{"line":49,"column":46}},"11":{"start":{"line":50,"column":8},"end":{"line":50,"column":56}},"12":{"start":{"line":50,"column":23},"end":{"line":50,"column":56}},"13":{"start":{"line":51,"column":8},"end":{"line":51,"column":25}}},"branchMap":{"1":{"line":19,"type":"if","locations":[{"start":{"line":19,"column":8},"end":{"line":19,"column":8}},{"start":{"line":19,"column":8},"end":{"line":19,"column":8}}]},"2":{"line":24,"type":"if","locations":[{"start":{"line":24,"column":8},"end":{"line":24,"column":8}},{"start":{"line":24,"column":8},"end":{"line":24,"column":8}}]},"3":{"line":33,"type":"if","locations":[{"start":{"line":33,"column":37},"end":{"line":33,"column":37}},{"start":{"line":33,"column":37},"end":{"line":33,"column":37}}]},"4":{"line":34,"type":"if","locations":[{"start":{"line":34,"column":8},"end":{"line":34,"column":8}},{"start":{"line":34,"column":8},"end":{"line":34,"column":8}}]},"5":{"line":35,"type":"if","locations":[{"start":{"line":35,"column":8},"end":{"line":35,"column":8}},{"start":{"line":35,"column":8},"end":{"line":35,"column":8}}]},"6":{"line":41,"type":"if","locations":[{"start":{"line":41,"column":32},"end":{"line":41,"column":32}},{"start":{"line":41,"column":32},"end":{"line":41,"column":32}}]},"7":{"line":41,"type":"if","locations":[{"start":{"line":41,"column":42},"end":{"line":41,"column":42}},{"start":{"line":41,"column":42},"end":{"line":41,"column":42}}]},"8":{"line":42,"type":"if","locations":[{"start":{"line":42,"column":8},"end":{"line":42,"column":8}},{"start":{"line":42,"column":8},"end":{"line":42,"column":8}}]},"9":{"line":49,"type":"if","locations":[{"start":{"line":49,"column":8},"end":{"line":49,"column":8}},{"start":{"line":49,"column":8},"end":{"line":49,"column":8}}]},"10":{"line":50,"type":"if","locations":[{"start":{"line":50,"column":8},"end":{"line":50,"column":8}},{"start":{"line":50,"column":8},"end":{"line":50,"column":8}}]}}},
"contracts/EventTicketing.sol":{"l":{"31":22,"32":18,"36":12,"37":10,"41":34,"42":33,"43":32,"44":32,"45":32,"46":32,"54":48,"55":46,"56":44,"58":43,"59":43,"61":43,"70":4,"71":4,"73":3,"74":3,"76":3,"77":3,"79":3,"88":3,"89":5,"90":5,"91":3,"92":3,"94":3,"95":3,"97":3,"108":18,"117":6,"118":5,"120":5,"128":3,"129":3,"131":2,"132":2},"path":"/Users/francescofaiella/Desktop/Tirocinio/contracts/EventTicketing.sol","s":{"1":22,"2":12,"3":34,"4":33,"5":48,"6":46,"7":44,"8":43,"9":4,"10":4,"11":3,"12":3,"13":3,"14":3,"15":5,"16":5,"17":3,"18":3,"19":3,"20":18,"21":6,"22":5,"23":3,"24":3,"25":2,"26":2},"b":{"1":[18,4],"2":[10,2],"3":[33,1],"4":[32,1],"5":[46,2],"6":[44,2],"7":[43,1],"8":[5,1],"9":[4,1],"10":[3,1],"11":[3,0],"12":[3,1],"13":[3,2],"14":[3,0],"15":[7,1],"16":[6,1],"17":[5,1],"18":[3,1],"19":[2,1],"20":[2,0]},"f":{"1":22,"2":12,"3":34,"4":48,"5":4,"6":3,"7":18,"8":6,"9":3},"fnMap":{"1":{"name":"onlyOwner","line":30,"loc":{"start":{"line":30,"column":4},"end":{"line":33,"column":4}}},"2":{"name":"ticketExists","line":35,"loc":{"start":{"line":35,"column":4},"end":{"line":38,"column":4}}},"3":{"name":"constructor","line":40,"loc":{"start":{"line":40,"column":4},"end":{"line":47,"column":4}}},"4":{"name":"buyTicket","line":53,"loc":{"start":{"line":53,"column":4},"end":{"line":62,"column":4}}},"5":{"name":"refundTicket","line":69,"loc":{"start":{"line":69,"column":4},"end":{"line":80,"column":4}}},"6":{"name":"refundTicketsBulk","line":87,"loc":{"start":{"line":87,"column":4},"end":{"line":100,"column":4}}},"7":{"name":"ownsTicket","line":107,"loc":{"start":{"line":107,"column":4},"end":{"line":109,"column":4}}},"8":{"name":"markTicketUsed","line":116,"loc":{"start":{"line":116,"column":4},"end":{"line":121,"column":4}}},"9":{"name":"withdraw","line":127,"loc":{"start":{"line":127,"column":4},"end":{"line":133,"column":4}}}},"statementMap":{"1":{"start":{"line":31,"column":8},"end":{"line":31,"column":72}},"2":{"start":{"line":36,"column":8},"end":{"line":36,"column":79}},"3":{"start":{"line":41,"column":8},"end":{"line":41,"column":74}},"4":{"start":{"line":42,"column":8},"end":{"line":42,"column":74}},"5":{"start":{"line":54,"column":8},"end":{"line":54,"column":61}},"6":{"start":{"line":55,"column":8},"end":{"line":55,"column":70}},"7":{"start":{"line":56,"column":8},"end":{"line":56,"column":71}},"8":{"start":{"line":61,"column":8},"end":{"line":61,"column":40}},"9":{"start":{"line":70,"column":8},"end":{"line":70,"column":46}},"10":{"start":{"line":71,"column":8},"end":{"line":71,"column":59}},"11":{"start":{"line":76,"column":8},"end":{"line":76,"column":61}},"12":{"start":{"line":77,"column":8},"end":{"line":77,"column":49}},"13":{"start":{"line":79,"column":8},"end":{"line":79,"column":34}},"14":{"start":{"line":88,"column":8},"end":{"line":88,"column":2944}},"15":{"start":{"line":89,"column":12},"end":{"line":89,"column":37}},"16":{"start":{"line":90,"column":12},"end":{"line":90,"column":3045}},"17":{"start":{"line":94,"column":16},"end":{"line":94,"column":78}},"18":{"start":{"line":95,"column":16},"end":{"line":95,"column":57}},"19":{"start":{"line":97,"column":16},"end":{"line":97,"column":42}},"20":{"start":{"line":108,"column":8},"end":{"line":108,"column":36}},"21":{"start":{"line":117,"column":8},"end":{"line":117,"column":59}},"22":{"start":{"line":120,"column":8},"end":{"line":120,"column":30}},"23":{"start":{"line":128,"column":8},"end":{"line":128,"column":47}},"24":{"start":{"line":129,"column":8},"end":{"line":129,"column":53}},"25":{"start":{"line":131,"column":8},"end":{"line":131,"column":57}},"26":{"start":{"line":132,"column":8},"end":{"line":132,"column":51}}},"branchMap":{"1":{"line":31,"type":"if","locations":[{"start":{"line":31,"column":8},"end":{"line":31,"column":8}},{"start":{"line":31,"column":8},"end":{"line":31,"column":8}}]},"2":{"line":36,"type":"if","locations":[{"start":{"line":36,"column":8},"end":{"line":36,"column":8}},{"start":{"line":36,"column":8},"end":{"line":36,"column":8}}]},"3":{"line":41,"type":"if","locations":[{"start":{"line":41,"column":8},"end":{"line":41,"column":8}},{"start":{"line":41,"column":8},"end":{"line":41,"column":8}}]},"4":{"line":42,"type":"if","locations":[{"start":{"line":42,"column":8},"end":{"line":42,"column":8}},{"start":{"line":42,"column":8},"end":{"line":42,"column":8}}]},"5":{"line":54,"type":"if","locations":[{"start":{"line":54,"column":8},"end":{"line":54,"column":8}},{"start":{"line":54,"column":8},"end":{"line":54,"column":8}}]},"6":{"line":55,"type":"if","locations":[{"start":{"line":55,"column":8},"end":{"line":55,"column":8}},{"start":{"line":55,"column":8},"end":{"line":55,"column":8}}]},"7":{"line":56,"type":"if","locations":[{"start":{"line":56,"column":8},"end":{"line":56,"column":8}},{"start":{"line":56,"column":8},"end":{"line":56,"column":8}}]},"8":{"line":69,"type":"if","locations":[{"start":{"line":69,"column":58},"end":{"line":69,"column":58}},{"start":{"line":69,"column":58},"end":{"line":69,"column":58}}]},"9":{"line":69,"type":"if","locations":[{"start":{"line":69,"column":68},"end":{"line":69,"column":68}},{"start":{"line":69,"column":68},"end":{"line":69,"column":68}}]},"10":{"line":71,"type":"if","locations":[{"start":{"line":71,"column":8},"end":{"line":71,"column":8}},{"start":{"line":71,"column":8},"end":{"line":71,"column":8}}]},"11":{"line":77,"type":"if","locations":[{"start":{"line":77,"column":8},"end":{"line":77,"column":8}},{"start":{"line":77,"column":8},"end":{"line":77,"column":8}}]},"12":{"line":87,"type":"if","locations":[{"start":{"line":87,"column":75},"end":{"line":87,"column":75}},{"start":{"line":87,"column":75},"end":{"line":87,"column":75}}]},"13":{"line":90,"type":"if","locations":[{"start":{"line":90,"column":12},"end":{"line":90,"column":12}},{"start":{"line":90,"column":12},"end":{"line":90,"column":12}}]},"14":{"line":95,"type":"if","locations":[{"start":{"line":95,"column":16},"end":{"line":95,"column":16}},{"start":{"line":95,"column":16},"end":{"line":95,"column":16}}]},"15":{"line":116,"type":"if","locations":[{"start":{"line":116,"column":52},"end":{"line":116,"column":52}},{"start":{"line":116,"column":52},"end":{"line":116,"column":52}}]},"16":{"line":116,"type":"if","locations":[{"start":{"line":116,"column":62},"end":{"line":116,"column":62}},{"start":{"line":116,"column":62},"end":{"line":116,"column":62}}]},"17":{"line":117,"type":"if","locations":[{"start":{"line":117,"column":8},"end":{"line":117,"column":8}},{"start":{"line":117,"column":8},"end":{"line":117,"column":8}}]},"18":{"line":127,"type":"if","locations":[{"start":{"line":127,"column":33},"end":{"line":127,"column":33}},{"start":{"line":127,"column":33},"end":{"line":127,"column":33}}]},"19":{"line":129,"type":"if","locations":[{"start":{"line":129,"column":8},"end":{"line":129,"column":8}},{"start":{"line":129,"column":8},"end":{"line":129,"column":8}}]},"20":{"line":132,"type":"if","locations":[{"start":{"line":132,"column":8},"end":{"line":132,"column":8}},{"start":{"line":132,"column":8},"end":{"line":132,"column":8}}]}}},
"contracts/MockERC20.sol":{"l":{"14":14,"15":14,"19":0,"23":5,"27":33,"28":33,"29":33,"30":33,"34":0,"38":14,"39":14,"43":15,"44":14,"46":13,"47":13,"48":13,"49":13,"53":0,"54":0},"path":"/Users/francescofaiella/Desktop/Tirocinio/contracts/MockERC20.sol","s":{"1":0,"2":5,"3":33,"4":33,"5":0,"6":14,"7":15,"8":14,"9":13},"b":{"1":[33,0],"2":[14,1],"3":[13,1]},"f":{"1":14,"2":0,"3":5,"4":33,"5":0,"6":14,"7":15,"8":0},"fnMap":{"1":{"name":"constructor","line":13,"loc":{"start":{"line":13,"column":4},"end":{"line":16,"column":4}}},"2":{"name":"totalSupply","line":18,"loc":{"start":{"line":18,"column":4},"end":{"line":20,"column":4}}},"3":{"name":"balanceOf","line":22,"loc":{"start":{"line":22,"column":4},"end":{"line":24,"column":4}}},"4":{"name":"transfer","line":26,"loc":{"start":{"line":26,"column":4},"end":{"line":31,"column":4}}},"5":{"name":"allowance","line":33,"loc":{"start":{"line":33,"column":4},"end":{"line":35,"column":4}}},"6":{"name":"approve","line":37,"loc":{"start":{"line":37,"column":4},"end":{"line":40,"column":4}}},"7":{"name":"transferFrom","line":42,"loc":{"start":{"line":42,"column":4},"end":{"line":50,"column":4}}},"8":{"name":"mint","line":52,"loc":{"start":{"line":52,"column":4},"end":{"line":55,"column":4}}}},"statementMap":{"1":{"start":{"line":19,"column":8},"end":{"line":19,"column":27}},"2":{"start":{"line":23,"column":8},"end":{"line":23,"column":33}},"3":{"start":{"line":27,"column":8},"end":{"line":27,"column":71}},"4":{"start":{"line":30,"column":8},"end":{"line":30,"column":19}},"5":{"start":{"line":34,"column":8},"end":{"line":34,"column":43}},"6":{"start":{"line":39,"column":8},"end":{"line":39,"column":19}},"7":{"start":{"line":43,"column":8},"end":{"line":43,"column":81}},"8":{"start":{"line":44,"column":8},"end":{"line":44,"column":65}},"9":{"start":{"line":49,"column":8},"end":{"line":49,"column":19}}},"branchMap":{"1":{"line":27,"type":"if","locations":[{"start":{"line":27,"column":8},"end":{"line":27,"column":8}},{"start":{"line":27,"column":8},"end":{"line":27,"column":8}}]},"2":{"line":43,"type":"if","locations":[{"start":{"line":43,"column":8},"end":{"line":43,"column":8}},{"start":{"line":43,"column":8},"end":{"line":43,"column":8}}]},"3":{"line":44,"type":"if","locations":[{"start":{"line":44,"column":8},"end":{"line":44,"column":8}},{"start":{"line":44,"column":8},"end":{"line":44,"column":8}}]}}},
"contracts/SimpleBallot.sol":{"l":{"57":29,"58":28,"64":13,"65":12,"66":12,"67":36,"75":28,"76":28,"77":27,"78":27,"86":16,"87":16,"88":15,"89":14,"91":12,"92":12,"93":12,"94":12,"96":12,"104":4,"105":4,"107":4,"108":12,"109":4,"110":4,"113":4},"path":"/Users/francescofaiella/Desktop/Tirocinio/contracts/SimpleBallot.sol","s":{"1":29,"2":13,"3":12,"4":36,"5":28,"6":28,"7":27,"8":16,"9":16,"10":15,"11":14,"12":12,"13":4,"14":4,"15":4,"16":12,"17":4},"b":{"1":[1,28],"2":[1,12],"3":[28,1],"4":[27,1],"5":[1,15],"6":[1,14],"7":[2,12],"8":[4,8]},"f":{"1":29,"2":13,"3":28,"4":16,"5":4},"fnMap":{"1":{"name":"onlyChairperson","line":56,"loc":{"start":{"line":56,"column":4},"end":{"line":59,"column":4}}},"2":{"name":"constructor","line":63,"loc":{"start":{"line":63,"column":4},"end":{"line":69,"column":4}}},"3":{"name":"registerVoter","line":74,"loc":{"start":{"line":74,"column":4},"end":{"line":81,"column":4}}},"4":{"name":"vote","line":85,"loc":{"start":{"line":85,"column":4},"end":{"line":97,"column":4}}},"5":{"name":"winner","line":103,"loc":{"start":{"line":103,"column":4},"end":{"line":114,"column":4}}}},"statementMap":{"1":{"start":{"line":57,"column":8},"end":{"line":57,"column":62}},"2":{"start":{"line":64,"column":8},"end":{"line":64,"column":59}},"3":{"start":{"line":66,"column":8},"end":{"line":66,"column":2534}},"4":{"start":{"line":67,"column":12},"end":{"line":67,"column":75}},"5":{"start":{"line":75,"column":8},"end":{"line":75,"column":39}},"6":{"start":{"line":76,"column":8},"end":{"line":76,"column":2986}},"7":{"start":{"line":78,"column":12},"end":{"line":78,"column":39}},"8":{"start":{"line":86,"column":8},"end":{"line":86,"column":49}},"9":{"start":{"line":87,"column":8},"end":{"line":87,"column":54}},"10":{"start":{"line":88,"column":8},"end":{"line":88,"column":47}},"11":{"start":{"line":89,"column":8},"end":{"line":89,"column":71}},"12":{"start":{"line":96,"column":8},"end":{"line":96,"column":48}},"13":{"start":{"line":104,"column":8},"end":{"line":104,"column":36}},"14":{"start":{"line":105,"column":8},"end":{"line":105,"column":32}},"15":{"start":{"line":107,"column":8},"end":{"line":107,"column":4229}},"16":{"start":{"line":108,"column":12},"end":{"line":108,"column":4294}},"17":{"start":{"line":113,"column":8},"end":{"line":113,"column":77}}},"branchMap":{"1":{"line":57,"type":"if","locations":[{"start":{"line":57,"column":8},"end":{"line":57,"column":8}},{"start":{"line":57,"column":8},"end":{"line":57,"column":8}}]},"2":{"line":64,"type":"if","locations":[{"start":{"line":64,"column":8},"end":{"line":64,"column":8}},{"start":{"line":64,"column":8},"end":{"line":64,"column":8}}]},"3":{"line":74,"type":"if","locations":[{"start":{"line":74,"column":51},"end":{"line":74,"column":51}},{"start":{"line":74,"column":51},"end":{"line":74,"column":51}}]},"4":{"line":76,"type":"if","locations":[{"start":{"line":76,"column":8},"end":{"line":76,"column":8}},{"start":{"line":76,"column":8},"end":{"line":76,"column":8}}]},"5":{"line":87,"type":"if","locations":[{"start":{"line":87,"column":8},"end":{"line":87,"column":8}},{"start":{"line":87,"column":8},"end":{"line":87,"column":8}}]},"6":{"line":88,"type":"if","locations":[{"start":{"line":88,"column":8},"end":{"line":88,"column":8}},{"start":{"line":88,"column":8},"end":{"line":88,"column":8}}]},"7":{"line":89,"type":"if","locations":[{"start":{"line":89,"column":8},"end":{"line":89,"column":8}},{"start":{"line":89,"column":8},"end":{"line":89,"column":8}}]},"8":{"line":108,"type":"if","locations":[{"start":{"line":108,"column":12},"end":{"line":108,"column":12}},{"start":{"line":108,"column":12},"end":{"line":108,"column":12}}]}}},
"contracts/SubscriptionManager.sol":{"l":{"19":4,"20":2,"24":13,"25":13,"26":13,"30":13,"32":12,"36":12,"38":12,"42":1,"43":1,"44":1,"48":6,"52":4,"56":1,"60":1},"path":"/Users/francescofaiella/Desktop/Tirocinio/contracts/SubscriptionManager.sol","s":{"1":4,"2":13,"3":12,"4":12,"5":1,"6":6,"7":4,"8":1},"b":{"1":[2,2],"2":[12,1],"3":[11,1],"4":[1,1],"5":[1,1]},"f":{"1":4,"2":13,"3":13,"4":1,"5":6,"6":4,"7":1},"fnMap":{"1":{"name":"onlyOwner","line":18,"loc":{"start":{"line":18,"column":4},"end":{"line":21,"column":4}}},"2":{"name":"constructor","line":23,"loc":{"start":{"line":23,"column":4},"end":{"line":27,"column":4}}},"3":{"name":"subscribe","line":29,"loc":{"start":{"line":29,"column":4},"end":{"line":39,"column":4}}},"4":{"name":"updateParameters","line":41,"loc":{"start":{"line":41,"column":4},"end":{"line":45,"column":4}}},"5":{"name":"isSubscribed","line":47,"loc":{"start":{"line":47,"column":4},"end":{"line":49,"column":4}}},"6":{"name":"getExpiry","line":51,"loc":{"start":{"line":51,"column":4},"end":{"line":53,"column":4}}},"7":{"name":"withdraw","line":55,"loc":{"start":{"line":55,"column":4},"end":{"line":57,"column":4}}}},"statementMap":{"1":{"start":{"line":19,"column":8},"end":{"line":19,"column":63}},"2":{"start":{"line":30,"column":8},"end":{"line":30,"column":74}},"3":{"start":{"line":32,"column":8},"end":{"line":32,"column":1033}},"4":{"start":{"line":38,"column":8},"end":{"line":38,"column":46}},"5":{"start":{"line":44,"column":8},"end":{"line":44,"column":49}},"6":{"start":{"line":48,"column":8},"end":{"line":48,"column":53}},"7":{"start":{"line":52,"column":8},"end":{"line":52,"column":34}},"8":{"start":{"line":56,"column":8},"end":{"line":56,"column":53}}},"branchMap":{"1":{"line":19,"type":"if","locations":[{"start":{"line":19,"column":8},"end":{"line":19,"column":8}},{"start":{"line":19,"column":8},"end":{"line":19,"column":8}}]},"2":{"line":30,"type":"if","locations":[{"start":{"line":30,"column":8},"end":{"line":30,"column":8}},{"start":{"line":30,"column":8},"end":{"line":30,"column":8}}]},"3":{"line":33,"type":"if","locations":[{"start":{"line":33,"column":14},"end":{"line":33,"column":51}},{"start":{"line":34,"column":14},"end":{"line":34,"column":61}}]},"4":{"line":41,"type":"if","locations":[{"start":{"line":41,"column":74},"end":{"line":41,"column":74}},{"start":{"line":41,"column":74},"end":{"line":41,"column":74}}]},"5":{"line":55,"type":"if","locations":[{"start":{"line":55,"column":33},"end":{"line":55,"column":33}},{"start":{"line":55,"column":33},"end":{"line":55,"column":33}}]}}},
"contracts/TokenVault.sol":{"l":{"23":0,"24":0,"28":14,"29":14,"33":16,"34":15,"35":13,"36":13,"40":7,"41":5,"42":5,"43":5,"47":12},"path":"/Users/francescofaiella/Desktop/Tirocinio/contracts/TokenVault.sol","s":{"1":0,"2":16,"3":15,"4":13,"5":7,"6":5,"7":5,"8":12},"b":{"1":[0,0],"2":[15,1],"3":[13,2],"4":[5,2],"5":[5,0]},"f":{"1":0,"2":14,"3":16,"4":7,"5":12},"fnMap":{"1":{"name":"onlyOwner","line":22,"loc":{"start":{"line":22,"column":4},"end":{"line":25,"column":4}}},"2":{"name":"constructor","line":27,"loc":{"start":{"line":27,"column":4},"end":{"line":30,"column":4}}},"3":{"name":"deposit","line":32,"loc":{"start":{"line":32,"column":4},"end":{"line":37,"column":4}}},"4":{"name":"withdraw","line":39,"loc":{"start":{"line":39,"column":4},"end":{"line":44,"column":4}}},"5":{"name":"balanceOf","line":46,"loc":{"start":{"line":46,"column":4},"end":{"line":48,"column":4}}}},"statementMap":{"1":{"start":{"line":23,"column":8},"end":{"line":23,"column":63}},"2":{"start":{"line":33,"column":8},"end":{"line":33,"column":53}},"3":{"start":{"line":34,"column":8},"end":{"line":34,"column":88}},"4":{"start":{"line":36,"column":8},"end":{"line":36,"column":42}},"5":{"start":{"line":40,"column":8},"end":{"line":40,"column":70}},"6":{"start":{"line":42,"column":8},"end":{"line":42,"column":69}},"7":{"start":{"line":43,"column":8},"end":{"line":43,"column":42}},"8":{"start":{"line":47,"column":8},"end":{"line":47,"column":29}}},"branchMap":{"1":{"line":23,"type":"if","locations":[{"start":{"line":23,"column":8},"end":{"line":23,"column":8}},{"start":{"line":23,"column":8},"end":{"line":23,"column":8}}]},"2":{"line":33,"type":"if","locations":[{"start":{"line":33,"column":8},"end":{"line":33,"column":8}},{"start":{"line":33,"column":8},"end":{"line":33,"column":8}}]},"3":{"line":34,"type":"if","locations":[{"start":{"line":34,"column":8},"end":{"line":34,"column":8}},{"start":{"line":34,"column":8},"end":{"line":34,"column":8}}]},"4":{"line":40,"type":"if","locations":[{"start":{"line":40,"column":8},"end":{"line":40,"column":8}},{"start":{"line":40,"column":8},"end":{"line":40,"column":8}}]},"5":{"line":42,"type":"if","locations":[{"start":{"line":42,"column":8},"end":{"line":42,"column":8}},{"start":{"line":42,"column":8},"end":{"line":42,"column":8}}]}}},
"contracts/VotingSystem.sol":{"l":{"28":22,"30":21,"31":21,"32":21,"33":21,"35":21,"43":16,"44":16,"45":13,"47":12,"48":12,"50":12,"58":13,"59":13},"path":"/Users/francescofaiella/Desktop/Tirocinio/contracts/VotingSystem.sol","s":{"1":22,"2":21,"3":21,"4":16,"5":16,"6":13,"7":12,"8":13,"9":13},"b":{"1":[21,1],"2":[13,3],"3":[12,1]},"f":{"1":22,"2":16,"3":13},"fnMap":{"1":{"name":"createProposal","line":27,"loc":{"start":{"line":27,"column":4},"end":{"line":36,"column":4}}},"2":{"name":"vote","line":42,"loc":{"start":{"line":42,"column":4},"end":{"line":51,"column":4}}},"3":{"name":"getProposal","line":57,"loc":{"start":{"line":57,"column":4},"end":{"line":65,"column":4}}}},"statementMap":{"1":{"start":{"line":28,"column":8},"end":{"line":28,"column":53}},"2":{"start":{"line":31,"column":8},"end":{"line":31,"column":53}},"3":{"start":{"line":35,"column":8},"end":{"line":35,"column":68}},"4":{"start":{"line":43,"column":8},"end":{"line":43,"column":51}},"5":{"start":{"line":44,"column":8},"end":{"line":44,"column":64}},"6":{"start":{"line":45,"column":8},"end":{"line":45,"column":56}},"7":{"start":{"line":50,"column":8},"end":{"line":50,"column":43}},"8":{"start":{"line":58,"column":8},"end":{"line":58,"column":51}},"9":{"start":{"line":59,"column":8},"end":{"line":59,"column":1936}}},"branchMap":{"1":{"line":28,"type":"if","locations":[{"start":{"line":28,"column":8},"end":{"line":28,"column":8}},{"start":{"line":28,"column":8},"end":{"line":28,"column":8}}]},"2":{"line":44,"type":"if","locations":[{"start":{"line":44,"column":8},"end":{"line":44,"column":8}},{"start":{"line":44,"column":8},"end":{"line":44,"column":8}}]},"3":{"line":45,"type":"if","locations":[{"start":{"line":45,"column":8},"end":{"line":45,"column":8}},{"start":{"line":45,"column":8},"end":{"line":45,"column":8}}]}}},
"contracts/VotingWithQuorum.sol":{"l":{"29":177,"30":173,"34":173,"35":169,"39":29,"40":28,"44":52,"45":50,"46":50,"47":50,"48":50,"49":50,"53":83,"54":82,"55":82,"56":82,"60":56,"61":56,"65":27,"66":26,"67":25,"68":25,"72":28,"73":27,"74":26,"76":25,"77":25,"78":25,"80":25,"84":3,"85":1,"86":1,"90":13,"92":12,"94":3,"97":9,"98":9,"100":9,"101":16,"102":11,"103":11,"107":9},"path":"/Users/francescofaiella/Desktop/Tirocinio/contracts/VotingWithQuorum.sol","s":{"1":177,"2":173,"3":29,"4":52,"5":83,"6":82,"7":56,"8":56,"9":27,"10":26,"11":25,"12":28,"13":27,"14":26,"15":25,"16":3,"17":1,"18":13,"19":12,"20":3,"21":9,"22":9,"23":9,"24":16,"25":9},"b":{"1":[173,4],"2":[169,4],"3":[28,1],"4":[50,2],"5":[84,1],"6":[83,1],"7":[82,1],"8":[57,1],"9":[56,1],"10":[28,1],"11":[27,1],"12":[26,1],"13":[25,1],"14":[28,1],"15":[27,1],"16":[26,1],"17":[25,1],"18":[4,1],"19":[3,1],"20":[1,2],"21":[12,1],"22":[3,9],"23":[11,5]},"f":{"1":177,"2":173,"3":29,"4":52,"5":83,"6":56,"7":27,"8":28,"9":3,"10":13},"fnMap":{"1":{"name":"onlyOwner","line":28,"loc":{"start":{"line":28,"column":4},"end":{"line":31,"column":4}}},"2":{"name":"onlyBeforeVoting","line":33,"loc":{"start":{"line":33,"column":4},"end":{"line":36,"column":4}}},"3":{"name":"onlyDuringVoting","line":38,"loc":{"start":{"line":38,"column":4},"end":{"line":41,"column":4}}},"4":{"name":"constructor","line":43,"loc":{"start":{"line":43,"column":4},"end":{"line":50,"column":4}}},"5":{"name":"registerVoter","line":52,"loc":{"start":{"line":52,"column":4},"end":{"line":57,"column":4}}},"6":{"name":"addProposal","line":59,"loc":{"start":{"line":59,"column":4},"end":{"line":62,"column":4}}},"7":{"name":"startVoting","line":64,"loc":{"start":{"line":64,"column":4},"end":{"line":69,"column":4}}},"8":{"name":"vote","line":71,"loc":{"start":{"line":71,"column":4},"end":{"line":81,"column":4}}},"9":{"name":"setQuorumPercent","line":83,"loc":{"start":{"line":83,"column":4},"end":{"line":87,"column":4}}},"10":{"name":"getWinningProposal","line":89,"loc":{"start":{"line":89,"column":4},"end":{"line":108,"column":4}}}},"statementMap":{"1":{"start":{"line":29,"column":8},"end":{"line":29,"column":48}},"2":{"start":{"line":34,"column":8},"end":{"line":34,"column":56}},"3":{"start":{"line":39,"column":8},"end":{"line":39,"column":51}},"4":{"start":{"line":44,"column":8},"end":{"line":44,"column":97}},"5":{"start":{"line":53,"column":8},"end":{"line":53,"column":68}},"6":{"start":{"line":56,"column":8},"end":{"line":56,"column":35}},"7":{"start":{"line":60,"column":8},"end":{"line":60,"column":73}},"8":{"start":{"line":61,"column":8},"end":{"line":61,"column":39}},"9":{"start":{"line":65,"column":8},"end":{"line":65,"column":58}},"10":{"start":{"line":66,"column":8},"end":{"line":66,"column":55}},"11":{"start":{"line":68,"column":8},"end":{"line":68,"column":28}},"12":{"start":{"line":72,"column":8},"end":{"line":72,"column":70}},"13":{"start":{"line":73,"column":8},"end":{"line":73,"column":54}},"14":{"start":{"line":74,"column":8},"end":{"line":74,"column":74}},"15":{"start":{"line":80,"column":8},"end":{"line":80,"column":48}},"16":{"start":{"line":84,"column":8},"end":{"line":84,"column":89}},"17":{"start":{"line":86,"column":8},"end":{"line":86,"column":44}},"18":{"start":{"line":90,"column":8},"end":{"line":90,"column":51}},"19":{"start":{"line":92,"column":8},"end":{"line":92,"column":2991}},"20":{"start":{"line":94,"column":12},"end":{"line":94,"column":30}},"21":{"start":{"line":97,"column":8},"end":{"line":97,"column":36}},"22":{"start":{"line":98,"column":8},"end":{"line":98,"column":32}},"23":{"start":{"line":100,"column":8},"end":{"line":100,"column":3202}},"24":{"start":{"line":101,"column":12},"end":{"line":101,"column":3267}},"25":{"start":{"line":107,"column":8},"end":{"line":107,"column":58}}},"branchMap":{"1":{"line":29,"type":"if","locations":[{"start":{"line":29,"column":8},"end":{"line":29,"column":8}},{"start":{"line":29,"column":8},"end":{"line":29,"column":8}}]},"2":{"line":34,"type":"if","locations":[{"start":{"line":34,"column":8},"end":{"line":34,"column":8}},{"start":{"line":34,"column":8},"end":{"line":34,"column":8}}]},"3":{"line":39,"type":"if","locations":[{"start":{"line":39,"column":8},"end":{"line":39,"column":8}},{"start":{"line":39,"column":8},"end":{"line":39,"column":8}}]},"4":{"line":44,"type":"if","locations":[{"start":{"line":44,"column":8},"end":{"line":44,"column":8}},{"start":{"line":44,"column":8},"end":{"line":44,"column":8}}]},"5":{"line":52,"type":"if","locations":[{"start":{"line":52,"column":51},"end":{"line":52,"column":51}},{"start":{"line":52,"column":51},"end":{"line":52,"column":51}}]},"6":{"line":52,"type":"if","locations":[{"start":{"line":52,"column":61},"end":{"line":52,"column":61}},{"start":{"line":52,"column":61},"end":{"line":52,"column":61}}]},"7":{"line":53,"type":"if","locations":[{"start":{"line":53,"column":8},"end":{"line":53,"column":8}},{"start":{"line":53,"column":8},"end":{"line":53,"column":8}}]},"8":{"line":59,"type":"if","locations":[{"start":{"line":59,"column":63},"end":{"line":59,"column":63}},{"start":{"line":59,"column":63},"end":{"line":59,"column":63}}]},"9":{"line":59,"type":"if","locations":[{"start":{"line":59,"column":73},"end":{"line":59,"column":73}},{"start":{"line":59,"column":73},"end":{"line":59,"column":73}}]},"10":{"line":64,"type":"if","locations":[{"start":{"line":64,"column":36},"end":{"line":64,"column":36}},{"start":{"line":64,"column":36},"end":{"line":64,"column":36}}]},"11":{"line":64,"type":"if","locations":[{"start":{"line":64,"column":46},"end":{"line":64,"column":46}},{"start":{"line":64,"column":46},"end":{"line":64,"column":46}}]},"12":{"line":65,"type":"if","locations":[{"start":{"line":65,"column":8},"end":{"line":65,"column":8}},{"start":{"line":65,"column":8},"end":{"line":65,"column":8}}]},"13":{"line":66,"type":"if","locations":[{"start":{"line":66,"column":8},"end":{"line":66,"column":8}},{"start":{"line":66,"column":8},"end":{"line":66,"column":8}}]},"14":{"line":71,"type":"if","locations":[{"start":{"line":71,"column":50},"end":{"line":71,"column":50}},{"start":{"line":71,"column":50},"end":{"line":71,"column":50}}]},"15":{"line":72,"type":"if","locations":[{"start":{"line":72,"column":8},"end":{"line":72,"column":8}},{"start":{"line":72,"column":8},"end":{"line":72,"column":8}}]},"16":{"line":73,"type":"if","locations":[{"start":{"line":73,"column":8},"end":{"line":73,"column":8}},{"start":{"line":73,"column":8},"end":{"line":73,"column":8}}]},"17":{"line":74,"type":"if","locations":[{"start":{"line":74,"column":8},"end":{"line":74,"column":8}},{"start":{"line":74,"column":8},"end":{"line":74,"column":8}}]},"18":{"line":83,"type":"if","locations":[{"start":{"line":83,"column":65},"end":{"line":83,"column":65}},{"start":{"line":83,"column":65},"end":{"line":83,"column":65}}]},"19":{"line":83,"type":"if","locations":[{"start":{"line":83,"column":75},"end":{"line":83,"column":75}},{"start":{"line":83,"column":75},"end":{"line":83,"column":75}}]},"20":{"line":84,"type":"if","locations":[{"start":{"line":84,"column":8},"end":{"line":84,"column":8}},{"start":{"line":84,"column":8},"end":{"line":84,"column":8}}]},"21":{"line":90,"type":"if","locations":[{"start":{"line":90,"column":8},"end":{"line":90,"column":8}},{"start":{"line":90,"column":8},"end":{"line":90,"column":8}}]},"22":{"line":92,"type":"if","locations":[{"start":{"line":92,"column":8},"end":{"line":92,"column":8}},{"start":{"line":92,"column":8},"end":{"line":92,"column":8}}]},"23":{"line":101,"type":"if","locations":[{"start":{"line":101,"column":12},"end":{"line":101,"column":12}},{"start":{"line":101,"column":12},"end":{"line":101,"column":12}}]}}}}
