TN:
SF:/Users/francescofaiella/Desktop/Tirocinio/contracts/DonationRegistry.sol
FN:16,onlyOwner
FN:21,constructor
FN:28,donate
FN:38,getDonationTotal
FN:45,withdraw
FNF:5
FNH:5
FNDA:4,onlyOwner
FNDA:14,constructor
FNDA:15,donate
FNDA:7,getDonationTotal
FNDA:3,withdraw
DA:17,4
DA:18,3
DA:22,14
DA:29,15
DA:30,14
DA:31,14
DA:39,7
DA:46,3
DA:47,3
DA:48,2
DA:49,2
DA:54,4
DA:55,3
DA:56,3
LF:14
LH:14
BRDA:17,1,0,3
BRDA:17,1,1,1
BRDA:29,2,0,14
BRDA:29,2,1,1
BRDA:45,3,0,3
BRDA:45,3,1,1
BRDA:47,4,0,2
BRDA:47,4,1,1
BRDA:54,5,0,3
BRDA:54,5,1,1
BRF:10
BRH:10
end_of_record
TN:
SF:/Users/francescofaiella/Desktop/Tirocinio/contracts/EscrowService.sol
FN:18,onlyBuyer
FN:23,onlyIfFunded
FN:28,constructor
FN:33,fund
FN:41,release
FN:48,getStatus
FNF:6
FNH:6
FNDA:18,onlyBuyer
FNDA:5,onlyIfFunded
FNDA:13,constructor
FNDA:9,fund
FNDA:4,release
FNDA:8,getStatus
DA:19,18
DA:20,14
DA:24,5
DA:25,4
DA:29,13
DA:30,13
DA:34,9
DA:35,8
DA:36,7
DA:37,7
DA:38,7
DA:42,4
DA:43,3
DA:44,3
DA:45,3
DA:49,8
DA:50,5
DA:51,2
LF:18
LH:18
BRDA:19,1,0,14
BRDA:19,1,1,4
BRDA:24,2,0,4
BRDA:24,2,1,1
BRDA:33,3,0,9
BRDA:33,3,1,2
BRDA:34,4,0,8
BRDA:34,4,1,1
BRDA:35,5,0,7
BRDA:35,5,1,1
BRDA:41,6,0,5
BRDA:41,6,1,2
BRDA:41,7,0,4
BRDA:41,7,1,1
BRDA:42,8,0,3
BRDA:42,8,1,1
BRDA:49,9,0,3
BRDA:49,9,1,5
BRDA:50,10,0,3
BRDA:50,10,1,2
BRF:20
BRH:20
end_of_record
TN:
SF:/Users/francescofaiella/Desktop/Tirocinio/contracts/MockERC20.sol
FN:13,constructor
FN:18,totalSupply
FN:22,balanceOf
FN:26,transfer
FN:33,allowance
FN:37,approve
FN:42,transferFrom
FN:52,mint
FNF:8
FNH:5
FNDA:14,constructor
FNDA:0,totalSupply
FNDA:5,balanceOf
FNDA:33,transfer
FNDA:0,allowance
FNDA:14,approve
FNDA:15,transferFrom
FNDA:0,mint
DA:14,14
DA:15,14
DA:19,0
DA:23,5
DA:27,33
DA:28,33
DA:29,33
DA:30,33
DA:34,0
DA:38,14
DA:39,14
DA:43,15
DA:44,14
DA:46,13
DA:47,13
DA:48,13
DA:49,13
DA:53,0
DA:54,0
LF:19
LH:15
BRDA:27,1,0,33
BRDA:27,1,1,0
BRDA:43,2,0,14
BRDA:43,2,1,1
BRDA:44,3,0,13
BRDA:44,3,1,1
BRF:6
BRH:5
end_of_record
TN:
SF:/Users/francescofaiella/Desktop/Tirocinio/contracts/SimpleBallot.sol
FN:56,onlyChairperson
FN:63,constructor
FN:74,registerVoter
FN:85,vote
FN:103,winner
FNF:5
FNH:5
FNDA:29,onlyChairperson
FNDA:13,constructor
FNDA:28,registerVoter
FNDA:16,vote
FNDA:4,winner
DA:57,29
DA:58,28
DA:64,13
DA:65,12
DA:66,12
DA:67,36
DA:75,28
DA:76,28
DA:77,27
DA:78,27
DA:86,16
DA:87,16
DA:88,15
DA:89,14
DA:91,12
DA:92,12
DA:93,12
DA:94,12
DA:96,12
DA:104,4
DA:105,4
DA:107,4
DA:108,12
DA:109,4
DA:110,4
DA:113,4
LF:26
LH:26
BRDA:57,1,0,1
BRDA:57,1,1,28
BRDA:64,2,0,1
BRDA:64,2,1,12
BRDA:74,3,0,28
BRDA:74,3,1,1
BRDA:76,4,0,27
BRDA:76,4,1,1
BRDA:87,5,0,1
BRDA:87,5,1,15
BRDA:88,6,0,1
BRDA:88,6,1,14
BRDA:89,7,0,2
BRDA:89,7,1,12
BRDA:108,8,0,4
BRDA:108,8,1,8
BRF:16
BRH:16
end_of_record
TN:
SF:/Users/francescofaiella/Desktop/Tirocinio/contracts/SubscriptionManager.sol
FN:18,onlyOwner
FN:23,constructor
FN:29,subscribe
FN:41,updateParameters
FN:47,isSubscribed
FN:51,getExpiry
FN:55,withdraw
FNF:7
FNH:7
FNDA:4,onlyOwner
FNDA:13,constructor
FNDA:13,subscribe
FNDA:1,updateParameters
FNDA:6,isSubscribed
FNDA:4,getExpiry
FNDA:1,withdraw
DA:19,4
DA:20,2
DA:24,13
DA:25,13
DA:26,13
DA:30,13
DA:32,12
DA:36,12
DA:38,12
DA:42,1
DA:43,1
DA:44,1
DA:48,6
DA:52,4
DA:56,1
DA:60,1
LF:16
LH:16
BRDA:19,1,0,2
BRDA:19,1,1,2
BRDA:30,2,0,12
BRDA:30,2,1,1
BRDA:33,3,0,11
BRDA:33,3,1,1
BRDA:41,4,0,1
BRDA:41,4,1,1
BRDA:55,5,0,1
BRDA:55,5,1,1
BRF:10
BRH:10
end_of_record
TN:
SF:/Users/francescofaiella/Desktop/Tirocinio/contracts/TokenVault.sol
FN:22,onlyOwner
FN:27,constructor
FN:32,deposit
FN:39,withdraw
FN:46,balanceOf
FNF:5
FNH:4
FNDA:0,onlyOwner
FNDA:14,constructor
FNDA:16,deposit
FNDA:7,withdraw
FNDA:12,balanceOf
DA:23,0
DA:24,0
DA:28,14
DA:29,14
DA:33,16
DA:34,15
DA:35,13
DA:36,13
DA:40,7
DA:41,5
DA:42,5
DA:43,5
DA:47,12
LF:13
LH:11
BRDA:23,1,0,0
BRDA:23,1,1,0
BRDA:33,2,0,15
BRDA:33,2,1,1
BRDA:34,3,0,13
BRDA:34,3,1,2
BRDA:40,4,0,5
BRDA:40,4,1,2
BRDA:42,5,0,5
BRDA:42,5,1,0
BRF:10
BRH:7
end_of_record
TN:
SF:/Users/francescofaiella/Desktop/Tirocinio/contracts/VotingSystem.sol
FN:27,createProposal
FN:42,vote
FN:57,getProposal
FNF:3
FNH:3
FNDA:22,createProposal
FNDA:16,vote
FNDA:13,getProposal
DA:28,22
DA:30,21
DA:31,21
DA:32,21
DA:33,21
DA:35,21
DA:43,16
DA:44,16
DA:45,13
DA:47,12
DA:48,12
DA:50,12
DA:58,13
DA:59,13
LF:14
LH:14
BRDA:28,1,0,21
BRDA:28,1,1,1
BRDA:44,2,0,13
BRDA:44,2,1,3
BRDA:45,3,0,12
BRDA:45,3,1,1
BRF:6
BRH:6
end_of_record
